npm error code ERESOLVE
npm error ERESOLVE unable to resolve dependency tree
npm error
npm error While resolving: react-native-video-enhanced@1.0.0
npm error Found: react@17.0.2
npm error node_modules/react
npm error   peer react@"^17.0.1" from the root project
npm error   peer react@"^16.8.0 || ^17.0.0 || ^18.0.0 || ^19.0.0-beta" from @storybook/react@8.2.9
npm error   node_modules/@storybook/react
npm error     dev @storybook/react@"*" from the root project
npm error
npm error Could not resolve dependency:
npm error peer react@"^18.3.1" from react-dom@18.3.1
npm error node_modules/react-dom
npm error   peer react-dom@"^16.8.0 || ^17.0.0 || ^18.0.0 || ^19.0.0-beta" from @storybook/react@8.2.9
npm error   node_modules/@storybook/react
npm error     dev @storybook/react@"*" from the root project
npm error
npm error Fix the upstream dependency conflict, or retry
npm error this command with --force or --legacy-peer-deps
npm error to accept an incorrect (and potentially broken) dependency resolution.
npm error
npm error
npm error For a full report see:
npm error C:\Users\user\AppData\Local\npm-cache\_logs\2024-08-20T06_45_17_467Z-eresolve-report.txt

npm error A complete log of this run can be found in: C:\Users\user\AppData\Local\npm-cache\_logs\2024-08-20T06_45_17_467Z-debug-0.log
